<?xml version="1.0" encoding="UTF-8"?>
<!-- Generated by org.testng.reporters.JUnitReportReporter -->
<testsuite skipped="0" hostname="2205125-ANL" name="com.spotify.oauth2.tests.PlaylistTests" tests="5" failures="0" timestamp="2022-06-10T15:09:27 CEST" time="16.928" errors="0">
  <testcase name="ShouldBeAbleToUpdateAPlaylist" time="3.612" classname="com.spotify.oauth2.tests.PlaylistTests"/>
  <system-out/>
  <testcase name="ShouldBeAbleToGetAPlaylist" time="3.528" classname="com.spotify.oauth2.tests.PlaylistTests"/>
  <system-out/>
  <testcase name="ShouldNotBeAbleToCreateAPlaylistWithName" time="3.412" classname="com.spotify.oauth2.tests.PlaylistTests"/>
  <system-out/>
  <testcase name="ShouldNotBeAbleToCreateAPlaylistWithExpiredToken" time="2.795" classname="com.spotify.oauth2.tests.PlaylistTests"/>
  <system-out/>
  <testcase name="ShouldBeAbleToCreateAPlaylist" time="3.581" classname="com.spotify.oauth2.tests.PlaylistTests"/>
  <system-out/>
</testsuite> <!-- com.spotify.oauth2.tests.PlaylistTests -->
